SF:lib/utils/enum.dart
DA:4,15
DA:10,2
DA:13,2
DA:15,2
DA:20,1
DA:22,1
DA:24,1
DA:29,2
DA:30,2
DA:33,15
DA:38,1
DA:41,1
DA:43,1
DA:45,1
LF:14
LH:14
end_of_record
SF:lib/data/repositories/datasources/remote_data_source.dart
DA:10,1
DA:12,1
DA:14,5
DA:15,1
DA:16,1
DA:24,1
DA:26,2
DA:27,1
DA:28,2
DA:30,3
DA:31,4
DA:32,1
DA:33,1
DA:40,1
DA:42,5
DA:43,2
DA:44,1
DA:45,2
DA:47,1
DA:54,1
DA:56,3
DA:57,2
DA:59,2
DA:60,1
DA:61,2
DA:63,1
DA:70,1
DA:72,5
DA:73,2
DA:74,1
DA:75,2
DA:77,1
DA:84,1
DA:87,5
DA:88,2
DA:89,1
DA:90,2
DA:92,1
LF:38
LH:38
end_of_record
SF:lib/utils/exception.dart
DA:4,27
LF:1
LH:1
end_of_record
SF:lib/utils/http_client.dart
DA:5,1
DA:6,2
DA:8,1
DA:12,3
DA:13,1
DA:14,2
DA:15,1
LF:7
LH:7
end_of_record
SF:lib/data/models/film_model.dart
DA:17,12
DA:18,12
LF:2
LH:2
end_of_record
SF:lib/data/models/film_model.g.dart
DA:9,24
DA:10,12
DA:11,12
DA:12,12
DA:13,24
DA:14,12
DA:15,12
DA:18,1
DA:19,1
DA:20,1
DA:21,1
DA:22,1
DA:23,1
DA:24,1
DA:25,1
LF:15
LH:15
end_of_record
SF:lib/data/models/film_local.g.dart
DA:13,0
DA:15,0
DA:16,0
DA:17,0
DA:19,0
DA:20,0
DA:21,0
DA:22,0
DA:23,0
DA:24,0
DA:25,0
DA:28,0
DA:31,0
DA:32,0
DA:33,0
DA:34,0
DA:35,0
DA:36,0
DA:37,0
DA:38,0
DA:39,0
DA:40,0
DA:41,0
DA:42,0
DA:43,0
DA:46,0
DA:47,0
DA:49,0
DA:52,0
DA:53,0
DA:54,0
LF:31
LH:0
end_of_record
SF:lib/data/repositories/datasources/local_data_source.dart
DA:13,1
DA:15,1
DA:17,2
DA:18,2
DA:19,1
DA:20,2
DA:21,2
DA:22,2
DA:23,2
DA:24,2
DA:25,2
DA:33,1
DA:35,3
DA:41,1
DA:45,2
DA:46,1
DA:47,5
DA:48,1
DA:49,2
DA:50,1
DA:51,1
DA:52,1
DA:53,1
DA:54,1
DA:55,1
DA:58,1
DA:65,1
DA:67,3
LF:28
LH:28
end_of_record
SF:lib/data/repositories/film_repository_impl.dart
DA:15,1
DA:18,1
DA:20,3
DA:22,1
DA:23,1
DA:24,1
DA:25,1
DA:26,1
DA:27,1
DA:28,1
DA:31,1
DA:32,1
DA:33,2
DA:38,1
DA:40,3
DA:41,1
DA:42,1
DA:43,2
DA:48,1
DA:50,3
DA:51,1
DA:52,1
DA:54,1
DA:55,1
DA:56,1
DA:57,1
DA:61,1
DA:62,2
DA:67,1
DA:69,3
DA:70,1
DA:72,1
DA:73,2
DA:74,1
DA:75,1
DA:76,1
DA:77,1
DA:78,1
DA:82,1
DA:84,1
DA:85,2
DA:90,1
DA:92,3
DA:93,1
DA:95,1
DA:96,2
DA:97,1
DA:98,1
DA:99,1
DA:100,1
DA:101,1
DA:105,1
DA:107,1
DA:108,2
DA:113,1
DA:118,3
DA:119,1
DA:121,1
DA:122,2
DA:123,1
DA:124,1
DA:125,1
DA:126,1
DA:127,1
DA:131,1
DA:133,1
DA:134,2
DA:139,1
DA:141,3
DA:142,1
DA:144,1
DA:145,2
DA:146,1
DA:147,1
DA:148,1
DA:149,1
DA:150,1
DA:154,1
DA:156,1
DA:157,2
DA:162,1
DA:164,3
DA:165,1
DA:167,1
DA:168,2
DA:169,1
DA:170,1
DA:171,1
DA:172,1
DA:173,1
DA:177,1
DA:179,1
DA:180,2
DA:185,1
DA:187,3
DA:188,1
DA:189,1
DA:190,2
DA:195,1
DA:197,3
DA:198,1
DA:200,1
DA:201,2
DA:202,1
DA:203,1
DA:204,1
DA:205,1
DA:206,1
DA:210,1
DA:212,1
DA:213,2
LF:111
LH:111
end_of_record
SF:lib/domain/usecases/get_film_detail.dart
DA:11,1
DA:13,1
DA:14,3
LF:3
LH:3
end_of_record
SF:lib/domain/usecases/get_film_top_rated.dart
DA:11,1
DA:13,1
DA:14,3
LF:3
LH:3
end_of_record
SF:lib/domain/usecases/get_watchlist_exist.dart
DA:10,1
DA:12,1
DA:13,3
LF:3
LH:3
end_of_record
SF:lib/domain/usecases/get_film_popular.dart
DA:11,1
DA:13,1
DA:14,3
LF:3
LH:3
end_of_record
SF:lib/domain/usecases/search_film.dart
DA:11,1
DA:13,1
DA:14,3
LF:3
LH:3
end_of_record
SF:lib/domain/usecases/remove_watchlist.dart
DA:10,1
DA:12,1
DA:13,3
LF:3
LH:3
end_of_record
SF:lib/domain/usecases/add_watchlist.dart
DA:11,1
DA:13,1
DA:14,3
LF:3
LH:3
end_of_record
SF:lib/domain/usecases/get_film_now_playing.dart
DA:11,1
DA:13,1
DA:14,3
LF:3
LH:3
end_of_record
SF:lib/domain/usecases/get_film_recommendation.dart
DA:11,1
DA:13,1
DA:14,3
LF:3
LH:3
end_of_record
SF:lib/domain/usecases/get_watchlist.dart
DA:11,1
DA:13,1
DA:14,3
LF:3
LH:3
end_of_record
